SF:lib/modules/login/login_controller.dart
DA:13,1
DA:18,1
DA:20,2
DA:21,1
DA:23,3
DA:24,2
DA:25,1
DA:27,3
DA:28,1
DA:32,1
DA:33,2
DA:35,1
DA:36,3
DA:40,1
DA:41,1
LF:15
LH:15
end_of_record
SF:lib/modules/login/login_service.dart
DA:11,0
DA:12,0
DA:13,0
DA:17,0
DA:19,0
LF:5
LH:0
end_of_record
SF:lib/modules/login/login_state.dart
DA:12,1
DA:20,1
LF:2
LH:2
end_of_record
SF:lib/modules/login/models/user_model/user.dart
DA:9,1
DA:16,0
DA:17,0
DA:18,0
DA:19,0
DA:20,0
DA:21,0
DA:25,0
DA:27,0
LF:9
LH:1
end_of_record
